Flow report for Subtractor4
Tue Feb 17 19:56:08 2026
Quartus Prime Version 24.1std.0 Build 1077 03/04/2025 SC Lite Edition


---------------------
; Table of Contents ;
---------------------
  1. Legal Notice
  2. Flow Summary
  3. Flow Settings
  4. Flow Non-Default Global Settings
  5. Flow Elapsed Time
  6. Flow OS Summary
  7. Flow Log
  8. Flow Messages
  9. Flow Suppressed Messages



----------------
; Legal Notice ;
----------------
Copyright (C) 2025  Altera Corporation. All rights reserved.
Your use of Altera Corporation's design tools, logic functions 
and other software and tools, and any partner logic 
functions, and any output files from any of the foregoing 
(including device programming or simulation files), and any 
associated documentation or information are expressly subject 
to the terms and conditions of the Altera Program License 
Subscription Agreement, the Altera Quartus Prime License Agreement,
the Altera IP License Agreement, or other applicable license
agreement, including, without limitation, that your use is for
the sole purpose of programming logic devices manufactured by
Altera and sold by Altera or its authorized distributors.  Please
refer to the Altera Software License Subscription Agreements 
on the Quartus Prime software download page.



+--------------------------------------------------------------------------------------+
; Flow Summary                                                                         ;
+------------------------------------+-------------------------------------------------+
; Flow Status                        ; Successful - Tue Feb 17 19:56:08 2026           ;
; Quartus Prime Version              ; 24.1std.0 Build 1077 03/04/2025 SC Lite Edition ;
; Revision Name                      ; Subtractor4                                     ;
; Top-level Entity Name              ; block_subtractor4                               ;
; Family                             ; Cyclone IV E                                    ;
; Device                             ; EP4CE115F29C7                                   ;
; Timing Models                      ; Final                                           ;
; Total logic elements               ; 6 / 114,480 ( < 1 % )                           ;
;     Total combinational functions  ; 6 / 114,480 ( < 1 % )                           ;
;     Dedicated logic registers      ; 0 / 114,480 ( 0 % )                             ;
; Total registers                    ; 0                                               ;
; Total pins                         ; 14 / 529 ( 3 % )                                ;
; Total virtual pins                 ; 0                                               ;
; Total memory bits                  ; 0 / 3,981,312 ( 0 % )                           ;
; Embedded Multiplier 9-bit elements ; 0 / 532 ( 0 % )                                 ;
; Total PLLs                         ; 0 / 4 ( 0 % )                                   ;
+------------------------------------+-------------------------------------------------+


+-----------------------------------------+
; Flow Settings                           ;
+-------------------+---------------------+
; Option            ; Setting             ;
+-------------------+---------------------+
; Start date & time ; 02/17/2026 19:55:31 ;
; Main task         ; Compilation         ;
; Revision Name     ; Subtractor4         ;
+-------------------+---------------------+


+-------------------------------------------------------------------------------------------------------------------------------------------------------+
; Flow Non-Default Global Settings                                                                                                                      ;
+--------------------------------------+----------------------------------------+---------------+-------------------+-----------------------------------+
; Assignment Name                      ; Value                                  ; Default Value ; Entity Name       ; Section Id                        ;
+--------------------------------------+----------------------------------------+---------------+-------------------+-----------------------------------+
; COMPILER_SIGNATURE_ID                ; 180546900691122.177132933006192        ; --            ; --                ; --                                ;
; EDA_DESIGN_INSTANCE_NAME             ; NA                                     ; --            ; --                ; testbench                         ;
; EDA_GENERATE_FUNCTIONAL_NETLIST      ; Off                                    ; --            ; --                ; eda_board_design_timing           ;
; EDA_GENERATE_FUNCTIONAL_NETLIST      ; Off                                    ; --            ; --                ; eda_board_design_boundary_scan    ;
; EDA_GENERATE_FUNCTIONAL_NETLIST      ; Off                                    ; --            ; --                ; eda_board_design_signal_integrity ;
; EDA_GENERATE_FUNCTIONAL_NETLIST      ; Off                                    ; --            ; --                ; eda_board_design_symbol           ;
; EDA_NATIVELINK_SIMULATION_TEST_BENCH ; testbench                              ; --            ; --                ; eda_simulation                    ;
; EDA_OUTPUT_DATA_FORMAT               ; Verilog Hdl                            ; --            ; --                ; eda_simulation                    ;
; EDA_SIMULATION_TOOL                  ; Questa Intel FPGA (Verilog)            ; <None>        ; --                ; --                                ;
; EDA_TEST_BENCH_ENABLE_STATUS         ; TEST_BENCH_MODE                        ; --            ; --                ; eda_simulation                    ;
; EDA_TEST_BENCH_FILE                  ; testbench.v                            ; --            ; --                ; testbench                         ;
; EDA_TEST_BENCH_MODULE_NAME           ; testbench                              ; --            ; --                ; testbench                         ;
; EDA_TEST_BENCH_NAME                  ; testbench                              ; --            ; --                ; eda_simulation                    ;
; EDA_TIME_SCALE                       ; 1 ns                                   ; --            ; --                ; eda_simulation                    ;
; MAX_CORE_JUNCTION_TEMP               ; 85                                     ; --            ; --                ; --                                ;
; MIN_CORE_JUNCTION_TEMP               ; 0                                      ; --            ; --                ; --                                ;
; NOMINAL_CORE_SUPPLY_VOLTAGE          ; 1.2V                                   ; --            ; --                ; --                                ;
; OUTPUT_IO_TIMING_FAR_END_VMEAS       ; Half Signal Swing                      ; --            ; --                ; --                                ;
; OUTPUT_IO_TIMING_FAR_END_VMEAS       ; Half Signal Swing                      ; --            ; --                ; --                                ;
; OUTPUT_IO_TIMING_NEAR_END_VMEAS      ; Half Vccio                             ; --            ; --                ; --                                ;
; OUTPUT_IO_TIMING_NEAR_END_VMEAS      ; Half Vccio                             ; --            ; --                ; --                                ;
; PARTITION_COLOR                      ; -- (Not supported for targeted family) ; --            ; block_subtractor4 ; Top                               ;
; PARTITION_FITTER_PRESERVATION_LEVEL  ; -- (Not supported for targeted family) ; --            ; block_subtractor4 ; Top                               ;
; PARTITION_NETLIST_TYPE               ; -- (Not supported for targeted family) ; --            ; block_subtractor4 ; Top                               ;
; POWER_BOARD_THERMAL_MODEL            ; None (CONSERVATIVE)                    ; --            ; --                ; --                                ;
; POWER_PRESET_COOLING_SOLUTION        ; 23 MM HEAT SINK WITH 200 LFPM AIRFLOW  ; --            ; --                ; --                                ;
; PROJECT_OUTPUT_DIRECTORY             ; output_files                           ; --            ; --                ; --                                ;
; TOP_LEVEL_ENTITY                     ; block_subtractor4                      ; Subtractor4   ; --                ; --                                ;
+--------------------------------------+----------------------------------------+---------------+-------------------+-----------------------------------+


+--------------------------------------------------------------------------------------------------------------------------+
; Flow Elapsed Time                                                                                                        ;
+----------------------+--------------+-------------------------+---------------------+------------------------------------+
; Module Name          ; Elapsed Time ; Average Processors Used ; Peak Virtual Memory ; Total CPU Time (on all processors) ;
+----------------------+--------------+-------------------------+---------------------+------------------------------------+
; Analysis & Synthesis ; 00:00:14     ; 1.0                     ; 4738 MB             ; 00:00:32                           ;
; Fitter               ; 00:00:13     ; 1.0                     ; 5429 MB             ; 00:00:20                           ;
; Assembler            ; 00:00:04     ; 1.0                     ; 4710 MB             ; 00:00:03                           ;
; Timing Analyzer      ; 00:00:02     ; 1.0                     ; 4837 MB             ; 00:00:02                           ;
; EDA Netlist Writer   ; 00:00:01     ; 1.0                     ; 4652 MB             ; 00:00:01                           ;
; Total                ; 00:00:34     ; --                      ; --                  ; 00:00:58                           ;
+----------------------+--------------+-------------------------+---------------------+------------------------------------+


+------------------------------------------------------------------------------------+
; Flow OS Summary                                                                    ;
+----------------------+------------------+------------+------------+----------------+
; Module Name          ; Machine Hostname ; OS Name    ; OS Version ; Processor type ;
+----------------------+------------------+------------+------------+----------------+
; Analysis & Synthesis ; DESKTOP-7VKDVEI  ; Windows 10 ; 10.0       ; x86_64         ;
; Fitter               ; DESKTOP-7VKDVEI  ; Windows 10 ; 10.0       ; x86_64         ;
; Assembler            ; DESKTOP-7VKDVEI  ; Windows 10 ; 10.0       ; x86_64         ;
; Timing Analyzer      ; DESKTOP-7VKDVEI  ; Windows 10 ; 10.0       ; x86_64         ;
; EDA Netlist Writer   ; DESKTOP-7VKDVEI  ; Windows 10 ; 10.0       ; x86_64         ;
+----------------------+------------------+------------+------------+----------------+


------------
; Flow Log ;
------------
quartus_map --read_settings_files=on --write_settings_files=off Subtractor4 -c Subtractor4
quartus_fit --read_settings_files=off --write_settings_files=off Subtractor4 -c Subtractor4
quartus_asm --read_settings_files=off --write_settings_files=off Subtractor4 -c Subtractor4
quartus_sta Subtractor4 -c Subtractor4
quartus_eda --read_settings_files=off --write_settings_files=off Subtractor4 -c Subtractor4



